1709657131122	geckodriver	INFO	Listening on 127.0.0.1:57947
1709657134162	mozrunner::runner	INFO	Running command: "C:\\Program Files\\Mozilla Firefox\\firefox.exe" "--marionette" "--remote-debugging-port" "57948" "--remote-allow-hosts" "localhost" "-no-remote" "-profile" "C:\\Users\\centr\\AppData\\Local\\Temp\\rust_mozprofileLN9XzM"
console.warn: services.settings: Ignoring preference override of remote settings server
console.warn: services.settings: Allow by setting MOZ_REMOTE_SETTINGS_DEVTOOLS=1 in the environment
1709657134453	Marionette	INFO	Marionette enabled
Dynamically enable window occlusion 0
1709657134541	Marionette	INFO	Listening on port 57955
WebDriver BiDi listening on ws://127.0.0.1:57948
Read port: 57955
1709657134710	RemoteAgent	WARN	TLS certificate errors will be ignored for this session
DevTools listening on ws://127.0.0.1:57948/devtools/browser/2067c861-8fad-4b78-a4d0-2a0fbf95ee70
SourceActor threw an exception: [Exception... "Failed to open input source 'javascript:void(0)'"  nsresult: "0x80040111 (NS_ERROR_NOT_AVAILABLE)"  location: "JS frame :: resource://devtools/shared/DevToolsUtils.js :: mainThreadFetch/< :: line 711"  data: yes]
Stack: mainThreadFetch/<@resource://devtools/shared/DevToolsUtils.js:711:15
mainThreadFetch@resource://devtools/shared/DevToolsUtils.js:558:10
_fetchURLContents@resource://devtools/server/actors/utils/sources-manager.js:460:22
urlContents@resource://devtools/server/actors/utils/sources-manager.js:424:17
_resurrectSource@resource://devtools/server/actors/thread.js:2197:33
addAllSources@resource://devtools/server/actors/thread.js:1518:14
watch@resource://devtools/server/actors/resources/sources.js:81:17
watchResources@resource://devtools/server/actors/resources/index.js:334:19
addOrSetSessionDataEntry@resource://devtools/server/actors/targets/session-data-processors/resources.js:19:21
addOrSetSessionDataEntry@resource://devtools/server/actors/targets/base-target-actor.js:49:23
_addOrSetSessionDataEntry@resource://devtools/server/connectors/js-window-actor/DevToolsFrameChild.sys.mjs:540:24
receiveMessage@resource://devtools/server/connectors/js-window-actor/DevToolsFrameChild.sys.mjs:442:21
Line: 711, column: 0
console.error: ({})
JavaScript error: resource://devtools/shared/DevToolsUtils.js, line 711: NS_ERROR_NOT_AVAILABLE: Failed to open input source 'javascript:void(0)'
1709657164574	addons.xpi	ERROR	System addon update list error SyntaxError: XMLHttpRequest.open: 'http://%(server)s/dummy-system-addons.xml' is not a valid URL.
JavaScript error: resource://gre/modules/AsyncShutdown.sys.mjs, line 570: NotFoundError: No such JSWindowActor 'DevToolsFrame'
1709657246891	Marionette	INFO	Stopped listening on port 57955
Dynamically enable window occlusion 1
1709657249822	geckodriver	INFO	Listening on 127.0.0.1:58149
1709657252873	mozrunner::runner	INFO	Running command: "C:\\Program Files\\Mozilla Firefox\\firefox.exe" "--marionette" "--remote-debugging-port" "58150" "--remote-allow-hosts" "localhost" "-no-remote" "-profile" "C:\\Users\\centr\\AppData\\Local\\Temp\\rust_mozprofileCQSa6m"
console.warn: services.settings: Ignoring preference override of remote settings server
console.warn: services.settings: Allow by setting MOZ_REMOTE_SETTINGS_DEVTOOLS=1 in the environment
1709657253231	Marionette	INFO	Marionette enabled
Dynamically enable window occlusion 0
1709657253352	Marionette	INFO	Listening on port 58157
WebDriver BiDi listening on ws://127.0.0.1:58150
Read port: 58157
1709657253552	RemoteAgent	WARN	TLS certificate errors will be ignored for this session
DevTools listening on ws://127.0.0.1:58150/devtools/browser/01d01a0c-fdc4-4886-b402-a815aef95c48
1709657263467	Marionette	INFO	Stopped listening on port 58157
Dynamically enable window occlusion 1
1709657298955	geckodriver	INFO	Listening on 127.0.0.1:58254
1709657302010	mozrunner::runner	INFO	Running command: "C:\\Program Files\\Mozilla Firefox\\firefox.exe" "--marionette" "--remote-debugging-port" "58255" "--remote-allow-hosts" "localhost" "-no-remote" "-profile" "C:\\Users\\centr\\AppData\\Local\\Temp\\rust_mozprofilem24Aw3"
console.warn: services.settings: Ignoring preference override of remote settings server
console.warn: services.settings: Allow by setting MOZ_REMOTE_SETTINGS_DEVTOOLS=1 in the environment
1709657302258	Marionette	INFO	Marionette enabled
Dynamically enable window occlusion 0
1709657302348	Marionette	INFO	Listening on port 58262
WebDriver BiDi listening on ws://127.0.0.1:58255
Read port: 58262
1709657302491	RemoteAgent	WARN	TLS certificate errors will be ignored for this session
DevTools listening on ws://127.0.0.1:58255/devtools/browser/abd74ee9-9290-4fdd-9f13-fcca3ab6fa74
JavaScript warning: https://lms.careertiq.com/pages/scripts/lib/login-557.min.js, line 2: Script terminated by timeout at:
a/e[t]@https://lms.careertiq.com/pages/scripts/lib/login-557.min.js:2:1496
i@https://lms.careertiq.com/pages/scripts/lib/login-557.min.js:1:72698

1709657311863	Marionette	INFO	Stopped listening on port 58262
Dynamically enable window occlusion 1
1709657513602	geckodriver	INFO	Listening on 127.0.0.1:58590
1709657516637	mozrunner::runner	INFO	Running command: "C:\\Program Files\\Mozilla Firefox\\firefox.exe" "--marionette" "--remote-debugging-port" "58591" "--remote-allow-hosts" "localhost" "-no-remote" "-profile" "C:\\Users\\centr\\AppData\\Local\\Temp\\rust_mozprofilerJJFAQ"
console.warn: services.settings: Ignoring preference override of remote settings server
console.warn: services.settings: Allow by setting MOZ_REMOTE_SETTINGS_DEVTOOLS=1 in the environment
1709657516891	Marionette	INFO	Marionette enabled
Dynamically enable window occlusion 0
1709657516972	Marionette	INFO	Listening on port 58612
WebDriver BiDi listening on ws://127.0.0.1:58591
Read port: 58612
1709657517138	RemoteAgent	WARN	TLS certificate errors will be ignored for this session
DevTools listening on ws://127.0.0.1:58591/devtools/browser/031505ab-7957-4599-9d3a-d8c258a1f891
SourceActor threw an exception: [Exception... "Failed to open input source 'javascript:void(0)'"  nsresult: "0x80040111 (NS_ERROR_NOT_AVAILABLE)"  location: "JS frame :: resource://devtools/shared/DevToolsUtils.js :: mainThreadFetch/< :: line 711"  data: yes]
Stack: mainThreadFetch/<@resource://devtools/shared/DevToolsUtils.js:711:15
mainThreadFetch@resource://devtools/shared/DevToolsUtils.js:558:10
_fetchURLContents@resource://devtools/server/actors/utils/sources-manager.js:460:22
urlContents@resource://devtools/server/actors/utils/sources-manager.js:424:17
_resurrectSource@resource://devtools/server/actors/thread.js:2197:33
addAllSources@resource://devtools/server/actors/thread.js:1518:14
watch@resource://devtools/server/actors/resources/sources.js:81:17
watchResources@resource://devtools/server/actors/resources/index.js:334:19
addOrSetSessionDataEntry@resource://devtools/server/actors/targets/session-data-processors/resources.js:19:21
addOrSetSessionDataEntry@resource://devtools/server/actors/targets/base-target-actor.js:49:23
_addOrSetSessionDataEntry@resource://devtools/server/connectors/js-window-actor/DevToolsFrameChild.sys.mjs:540:24
receiveMessage@resource://devtools/server/connectors/js-window-actor/DevToolsFrameChild.sys.mjs:442:21
Line: 711, column: 0
console.error: ({})
JavaScript error: resource://devtools/shared/DevToolsUtils.js, line 711: NS_ERROR_NOT_AVAILABLE: Failed to open input source 'javascript:void(0)'
1709657546909	addons.xpi	ERROR	System addon update list error SyntaxError: XMLHttpRequest.open: 'http://%(server)s/dummy-system-addons.xml' is not a valid URL.
JavaScript error: resource://gre/modules/AsyncShutdown.sys.mjs, line 570: NotFoundError: No such JSWindowActor 'DevToolsFrame'
1709658437487	Marionette	INFO	Stopped listening on port 58612
Dynamically enable window occlusion 1
osts" "localhost" "-no-remote" "-profile" "C:\\Users\\centr\\AppData\\Local\\Temp\\rust_mozprofileF2Q7wQ"
console.warn: services.settings: Ignoring preference override of remote settings server
console.warn: services.settings: Allow by setting MOZ_REMOTE_SETTINGS_DEVTOOLS=1 in the environment
1709657643616	Marionette	INFO	Marionette enabled
Dynamically enable window occlusion 0
1709657643735	Marionette	INFO	Listening on port 58819
WebDriver BiDi listening on ws://127.0.0.1:58809
Read port: 58819
1709657643917	RemoteAgent	WARN	TLS certificate errors will be ignored for this session
DevTools listening on ws://127.0.0.1:58809/devtools/browser/8f6dab04-fee1-440f-a514-ecd351a76ea5
JavaScript warning: https://www.google.com/xjs/_/js/k=xjs.s.en_GB.PwPzpoFIx5A.O/am=AEAAAIHRgAAAAAAAAAAAAAAAFAAEAAAAUCgEzYSDAGxAAPhyAgQiAAEAEmADohAggBAABgAQBPj8JwAAAAEAABMQGACECyCF4CAAAIEJQBWA3AEAAAQAMID7AQQEEPCAgAAAYEH4AygggAMEAQpAAAAAAHkAngeGgxQWAAAAAAAAAAAAAAhggmA4IP0BAUAAAAAAAAAAAAAAQCpNrDwIADA/d=1/ed=1/dg=2/rs=ACT90oHzINLAydoGQpnN6kaSr7NKDyA3Cg/ee=AfeaP:TkrAjf;Afksuc:wMx0R;BMxAGc:E5bFse;BgS6mb:fidj5d;BjwMce:cXX2Wb;CxXAWb:YyRLvc;DULqB:RKfG5c;Dkk6ge:wJqrrd;DpcR3d:zL72xf;EABSZ:MXZt9d;ESrPQc:mNTJvc;EVNhjf:pw70Gc;EmZ2Bf:zr1jrb;EnlcNd:WeHg4;Erl4fe:FloWmf,FloWmf;F9mqte:UoRcbe;Fmv9Nc:O1Tzwc;G0KhTb:LIaoZ;G6wU6e:hezEbd;GleZL:J1A7Od;HMDDWe:G8QUdb;HqeXPd:cmbnH;IBADCc:RYquRb;IoGlCf:b5lhvb;IsdWVc:qzxzOb;JXS8fb:Qj0suc;JbMT3:M25sS;JsbNhc:Xd8iUd;KOxcK:OZqGte;KQzWid:ZMKkN;KcokUb:KiuZBf;KeeMUb:HiPxjc;KpRAue:Tia57b;LBgRLc:XVMNvd;LEikZe:byfTOb,lsjVmc;LsNahb:ucGLNb;Me32dd:MEeYgc;NPKaK:PVlQOd;NSEoX:lazG7b;Np8Qkd:Dpx6qc;Nyt6ic:jn2sGd;OgagBe:cNTe0;Oj465e:KG2eXe,KG2eXe;OohIYe:mpEAQb;Pjplud:EEDORb,PoEs9b;PqHfGe:im2cZe;Q1Ow7b:x5CSu;QGR0gd:Mlhmy;R2kc8b:ALJqWb;R4IIIb:QWfeKf;R9Ulx:CR7Ufe;RDNBlf:zPRCJb;SLtqO:Kh1xYe;SMDL4c:fTfGO,fTfGO;SNUn3:ZwDk9d,x8cHvb;ShpF6e:N0pvGc;TxfV6d:YORN0b;U96pRd:FsR04;UDrY1c:eps46d;UVmjEd:EesRsb;UyG7Kb:wQd0G;V2HTTe:RolTY;VGRfx:VFqbr;VN6jIc:ddQyuf;VOcgDe:YquhTb;VsAqSb:PGf2Re;VxQ32b:k0XsBb;WCEKNd:I46Hvd;WDGyFe:jcVOxd;Wfmdue:g3MJlb;XUezZ:sa7lqb;YV5bee:IvPZ6d;YkQtAf:rx8ur;ZMvdv:PHFPjb;ZWEUA:afR4Cf;a56pNe:JEfCwb;aAJE9c:WHW6Ef;aZ61od:arTwJ;bFZ6gf:RsDQqe;bcPXSc:gSZLJb;cEt90b:ws9Tlc;cFTWae:gT8qnd;coJ8e:KvoW8;dIoSBb:ZgGg9b;dLlj2:Qqt3Gf;daB6be:lMxGPd;dtl0hd:lLQWFe;eBAeSb:Ck63tb;eBZ5Nd:audvde;eHDfl:ofjVkb;eO3lse:nFClrf;fWLTFc:TVBJbf;g8nkx:U4MzKc;gaub4:TN6bMe;gtVSi:ekUOYd;h3MYod:cEt90b;hK67qb:QWEO5b;heHB1:sFczq;hjRo6e:F62sG;iFQyKf:QIhFr,vfuNJf;imqimf:jKGL2e;io8t5d:sgY6Zb;jY0zg:Q6tNgc;k2Qxcb:XY51pe;kCQyJ:ueyPK;kMFpHd:OTA3Ae;kbAm9d:MkHyGd;lkq0A:JyBE3e;nAFL3:NTMZac,s39S4;oGtAuc:sOXFj;oSUNyd:fTfGO,fTfGO;oUlnpc:RagDlc;okUaUd:wItadb;pKJiXd:VCenhc;pNsl2d:j9Yuyc;pXdRYb:JKoKVe;pj82le:mg5CW;qGV2uc:HHi04c;qZx2Fc:j0xrE;qaS3gd:yiLg6e;qavrXe:zQzcXe;qddgKe:d7YSfd,x4FYXe;rQSrae:C6D5Fc;sP4Vbe:VwDzFe;sTsDMc:kHVSUb;tH4IIe:Ymry6;tosKvd:ZCqP3;trZL0b:qY8PFe;uY49fb:COQbmf;uknmt:GkPrzb;uuQkY:u2V3ud;vGrMZ:lPJJ0c;vfVwPd:lcrkwe;w3bZCb:ZPGaIb;w4rSdf:XKiZ9;w9w86d:dt4g2b;wQlYve:aLUfP;wR5FRb:TtcOte;wV5Pjc:L8KGxe;whEZac:F4AmNb;xBbsrc:NEW1Qc;xbe2wc:wbTLEd;yGxLoc:FmAr0c;yxTchf:KUM7Z;z97YGf:oug9te;zOsCQe:Ko78Df;zaIgPb:Qtpxbd/m=attn,cdos,cr,gwc,hsm,jsa,mb4ZUb,d,csi,cEt90b,SNUn3,qddgKe,sTsDMc,dtl0hd,eHDfl, line 846: Script terminated by timeout at:
eKa@https://www.google.com/xjs/_/js/k=xjs.s.en_GB.PwPzpoFIx5A.O/am=AEAAAIHRgAAAAAAAAAAAAAAAFAAEAAAAUCgEzYSDAGxAAPhyAgQiAAEAEmADohAggBAABgAQBPj8JwAAAAEAABMQGACECyCF4CAAAIEJQBWA3AEAAAQAMID7AQQEEPCAgAAAYEH4AygggAMEAQpAAAAAAHkAngeGgxQWAAAAAAAAAAAAAAhggmA4IP0BAUAAAAAAAAAAAAAAQCpNrDwIADA/d=1/ed=1/dg=2/rs=ACT90oHzINLAydoGQpnN6kaSr7NKDyA3Cg/ee=AfeaP:TkrAjf;Afksuc:wMx0R;BMxAGc:E5bFse;BgS6mb:fidj5d;BjwMce:cXX2Wb;CxXAWb:YyRLvc;DULqB:RKfG5c;Dkk6ge:wJqrrd;DpcR3d:zL72xf;EABSZ:MXZt9d;ESrPQc:mNTJvc;EVNhjf:pw70Gc;EmZ2Bf:zr1jrb;EnlcNd:WeHg4;Erl4fe:FloWmf,FloWmf;F9mqte:UoRcbe;Fmv9Nc:O1Tzwc;G0KhTb:LIaoZ;G6wU6e:hezEbd;GleZL:J1A7Od;HMDDWe:G8QUdb;HqeXPd:cmbnH;IBADCc:RYquRb;IoGlCf:b5lhvb;IsdWVc:qzxzOb;JXS8fb:Qj0suc;JbMT3:M25sS;JsbNhc:Xd8iUd;KOxcK:OZqGte;KQzWid:ZMKkN;KcokUb:KiuZBf;KeeMUb:HiPxjc;KpRAue:Tia57b;LBgRLc:XVMNvd;LEikZe:byfTOb,lsjVmc;LsNahb:ucGLNb;Me32dd:MEeYgc;NPKaK:PVlQOd;NSEoX:lazG7b;Np8Qkd:Dpx6qc;Nyt6ic:jn2sGd;OgagBe:cNTe0;Oj465e:KG2eXe,KG2eXe;OohIYe:mpEAQb;Pjplud:EEDORb,PoEs9b;PqHfGe:im2cZe;Q1Ow7b:x5CSu;QGR0gd:Mlhmy;R2kc8b:ALJqWb;R4IIIb:QWfeKf;R9Ulx:CR7Ufe;RDNBlf:zPRCJb;SLtqO:Kh1xYe;SMDL4c:fTfGO,fTfGO;SNUn3:ZwDk9d,x8cHvb;ShpF6e:N0pvGc;TxfV6d:YORN0b;U96pRd:FsR04;UDrY1c:eps46d;UVmjEd:EesRsb;UyG7Kb:wQd0G;V2HTTe:RolTY;VGRfx:VFqbr;VN6jIc:ddQyuf;VOcgDe:YquhTb;VsAqSb:PGf2Re;VxQ32b:k0XsBb;WCEKNd:I46Hvd;WDGyFe:jcVOxd;Wfmdue:g3MJlb;XUezZ:sa7lqb;YV5bee:IvPZ6d;YkQtAf:rx8ur;ZMvdv:PHFPjb;ZWEUA:afR4Cf;a56pNe:JEfCwb;aAJE9c:WHW6Ef;aZ61od:arTwJ;bFZ6gf:RsDQqe;bcPXSc:gSZLJb;cEt90b:ws9Tlc;cFTWae:gT8qnd;coJ8e:KvoW8;dIoSBb:ZgGg9b;dLlj2:Qqt3Gf;daB6be:lMxGPd;dtl0hd:lLQWFe;eBAeSb:Ck63tb;eBZ5Nd:audvde;eHDfl:ofjVkb;eO3lse:nFClrf;fWLTFc:TVBJbf;g8nkx:U4MzKc;gaub4:TN6bMe;gtVSi:ekUOYd;h3MYod:cEt90b;hK67qb:QWEO5b;heHB1:sFczq;hjRo6e:F62sG;iFQyKf:QIhFr,vfuNJf;imqimf:jKGL2e;io8t5d:sgY6Zb;jY0zg:Q6tNgc;k2Qxcb:XY51pe;kCQyJ:ueyPK;kMFpHd:OTA3Ae;kbAm9d:MkHyGd;lkq0A:JyBE3e;nAFL3:NTMZac,s39S4;oGtAuc:sOXFj;oSUNyd:fTfGO,fTfGO;oUlnpc:RagDlc;okUaUd:wItadb;pKJiXd:VCenhc;pNsl2d:j9Yuyc;pXdRYb:JKoKVe;pj82le:mg5CW;qGV2uc:HHi04c;qZx2Fc:j0xrE;qaS3gd:yiLg6e;qavrXe:zQzcXe;qddgKe:d7YSfd,x4FYXe;rQSrae:C6D5Fc;sP4Vbe:VwDzFe;sTsDMc:kHVSUb;tH4IIe:Ymry6;tosKvd:ZCqP3;trZL0b:qY8PFe;uY49fb:COQbmf;uknmt:GkPrzb;uuQkY:u2V3ud;vGrMZ:lPJJ0c;vfVwPd:lcrkwe;w3bZCb:ZPGaIb;w4rSdf:XKiZ9;w9w86d:dt4g2b;wQlYve:aLUfP;wR5FRb:TtcOte;wV5Pjc:L8KGxe;whEZac:F4AmNb;xBbsrc:NEW1Qc;xbe2wc:wbTLEd;yGxLoc:FmAr0c;yxTchf:KUM7Z;z97YGf:oug9te;zOsCQe:Ko78Df;zaIgPb:Qtpxbd/m=attn,cdos,cr,gwc,hsm,jsa,mb4ZUb,d,csi,cEt90b,SNUn3,qddgKe,sTsDMc,dtl0hd,eHDfl:846:51
fKa/a.Ja<@https://www.google.com/xjs/_/js/k=xjs.s.en_GB.PwPzpoFIx5A.O/am=AEAAAIHRgAAAAAAAAAAAAAAAFAAEAAAAUCgEzYSDAGxAAPhyAgQiAAEAEmADohAggBAABgAQBPj8JwAAAAEAABMQGACECyCF4CAAAIEJQBWA3AEAAAQAMID7AQQEEPCAgAAAYEH4AygggAMEAQpAAAAAAHkAngeGgxQWAAAAAAAAAAAAAAhggmA4IP0BAUAAAAAAAAAAAAAAQCpNrDwIADA/d=1/ed=1/dg=2/rs=ACT90oHzINLAydoGQpnN6kaSr7NKDyA3Cg/ee=AfeaP:TkrAjf;Afksuc:wMx0R;BMxAGc:E5bFse;BgS6mb:fidj5d;BjwMce:cXX2Wb;CxXAWb:YyRLvc;DULqB:RKfG5c;Dkk6ge:wJqrrd;DpcR3d:zL72xf;EABSZ:MXZt9d;ESrPQc:mNTJvc;EVNhjf:pw70Gc;EmZ2Bf:zr1jrb;EnlcNd:WeHg4;Erl4fe:FloWmf,FloWmf;F9mqte:UoRcbe;Fmv9Nc:O1Tzwc;G0KhTb:LIaoZ;G6wU6e:hezEbd;GleZL:J1A7Od;HMDDWe:G8QUdb;HqeXPd:cmbnH;IBADCc:RYquRb;IoGlCf:b5lhvb;IsdWVc:qzxzOb;JXS8fb:Qj0suc;JbMT3:M25sS;JsbNhc:Xd8iUd;KOxcK:OZqGte;KQzWid:ZMKkN;KcokUb:KiuZBf;KeeMUb:HiPxjc;KpRAue:Tia57b;LBgRLc:XVMNvd;LEikZe:byfTOb,lsjVmc;LsNahb:ucGLNb;Me32dd:MEeYgc;NPKaK:PVlQOd;NSEoX:lazG7b;Np8Qkd:Dpx6qc;Nyt6ic:jn2sGd;OgagBe:cNTe0;Oj465e:KG2eXe,KG2eXe;OohIYe:mpEAQb;Pjplud:EEDORb,PoEs9b;PqHfGe:im2cZe;Q1Ow7b:x5CSu;QGR0gd:Mlhmy;R2kc8b:ALJqWb;R4IIIb:QWfeKf;R9Ulx:CR7Ufe;RDNBlf:zPRCJb;SLtqO:Kh1xYe;SMDL4c:fTfGO,fTfGO;SNUn3:ZwDk9d,x8cHvb;ShpF6e:N0pvGc;TxfV6d:YORN0b;U96pRd:FsR04;UDrY1c:eps46d;UVmjEd:EesRsb;UyG7Kb:wQd0G;V2HTTe:RolTY;VGRfx:VFqbr;VN6jIc:ddQyuf;VOcgDe:YquhTb;VsAqSb:PGf2Re;VxQ32b:k0XsBb;WCEKNd:I46Hvd;WDGyFe:jcVOxd;Wfmdue:g3MJlb;XUezZ:sa7lqb;YV5bee:IvPZ6d;YkQtAf:rx8ur;ZMvdv:PHFPjb;ZWEUA:afR4Cf;a56pNe:JEfCwb;aAJE9c:WHW6Ef;aZ61od:arTwJ;bFZ6gf:RsDQqe;bcPXSc:gSZLJb;cEt90b:ws9Tlc;cFTWae:gT8qnd;coJ8e:KvoW8;dIoSBb:ZgGg9b;dLlj2:Qqt3Gf;daB6be:lMxGPd;dtl0hd:lLQWFe;eBAeSb:Ck63tb;eBZ5Nd:audvde;eHDfl:ofjVkb;eO3lse:nFClrf;fWLTFc:TVBJbf;g8nkx:U4MzKc;gaub4:TN6bMe;gtVSi:ekUOYd;h3MYod:cEt90b;hK67qb:QWEO5b;heHB1:sFczq;hjRo6e:F62sG;iFQyKf:QIhFr,vfuNJf;imqimf:jKGL2e;io8t5d:sgY6Zb;jY0zg:Q6tNgc;k2Qxcb:XY51pe;kCQyJ:ueyPK;kMFpHd:OTA3Ae;kbAm9d:MkHyGd;lkq0A:JyBE3e;nAFL3:NTMZac,s39S4;oGtAuc:sOXFj;oSUNyd:fTfGO,fTfGO;oUlnpc:RagDlc;okUaUd:wItadb;pKJiXd:VCenhc;pNsl2d:j9Yuyc;pXdRYb:JKoKVe;pj82le:mg5CW;qGV2uc:HHi04c;qZx2Fc:j0xrE;qaS3gd:yiLg6e;qavrXe:zQzcXe;qddgKe:d7YSfd,x4FYXe;rQSrae:C6D5Fc;sP4Vbe:VwDzFe;sTsDMc:kHVSUb;tH4IIe:Ymry6;tosKvd:ZCqP3;trZL0b:qY8PFe;uY49fb:COQbmf;uknmt:GkPrzb;uuQkY:u2V3ud;vGrMZ:lPJJ0c;vfVwPd:lcrkwe;w3bZCb:ZPGaIb;w4rSdf:XKiZ9;w9w86d:dt4g2b;wQlYve:aLUfP;wR5FRb:TtcOte;wV5Pjc:L8KGxe;whEZac:F4AmNb;xBbsrc:NEW1Qc;xbe2wc:wbTLEd;yGxLoc:FmAr0c;yxTchf:KUM7Z;z97YGf:oug9te;zOsCQe:Ko78Df;zaIgPb:Qtpxbd/m=attn,cdos,cr,gwc,hsm,jsa,mb4ZUb,d,csi,cEt90b,SNUn3,qddgKe,sTsDMc,dtl0hd,eHDfl:850:370

SourceActor threw an exception: [Exception... "Failed to open input source 'javascript:void(0)'"  nsresult: "0x80040111 (NS_ERROR_NOT_AVAILABLE)"  location: "JS frame :: resource://devtools/shared/DevToolsUtils.js :: mainThreadFetch/< :: line 711"  data: yes]
Stack: mainThreadFetch/<@resource://devtools/shared/DevToolsUtils.js:711:15
mainThreadFetch@resource://devtools/shared/DevToolsUtils.js:558:10
_fetchURLContents@resource://devtools/server/actors/utils/sources-manager.js:460:22
urlContents@resource://devtools/server/actors/utils/sources-manager.js:424:17
_resurrectSource@resource://devtools/server/actors/thread.js:2197:33
addAllSources@resource://devtools/server/actors/thread.js:1518:14
watch@resource://devtools/server/actors/resources/sources.js:81:17
watchResources@resource://devtools/server/actors/resources/index.js:334:19
addOrSetSessionDataEntry@resource://devtools/server/actors/targets/session-data-processors/resources.js:19:21
addOrSetSessionDataEntry@resource://devtools/server/actors/targets/base-target-actor.js:49:23
_addOrSetSessionDataEntry@resource://devtools/server/connectors/js-window-actor/DevToolsFrameChild.sys.mjs:540:24
receiveMessage@resource://devtools/server/connectors/js-window-actor/DevToolsFrameChild.sys.mjs:442:21
Line: 711, column: 0
console.error: ({})
JavaScript error: resource://devtools/shared/DevToolsUtils.js, line 711: NS_ERROR_NOT_AVAILABLE: Failed to open input source 'javascript:void(0)'
JavaScript error: , line 0: NotFoundError: No such JSWindowActor 'DevToolsFrame'
1709657673635	addons.xpi	ERROR	System addon update list error SyntaxError: XMLHttpRequest.open: 'http://%(server)s/dummy-system-addons.xml' is not a valid URL.
SourceActor threw an exception: [Exception... "Failed to open input source 'javascript:void(0)'"  nsresult: "0x80040111 (NS_ERROR_NOT_AVAILABLE)"  location: "JS frame :: resource://devtools/shared/DevToolsUtils.js :: mainThreadFetch/< :: line 711"  data: yes]
Stack: mainThreadFetch/<@resource://devtools/shared/DevToolsUtils.js:711:15
mainThreadFetch@resource://devtools/shared/DevToolsUtils.js:558:10
_fetchURLContents@resource://devtools/server/actors/utils/sources-manager.js:460:22
urlContents@resource://devtools/server/actors/utils/sources-manager.js:424:17
_resurrectSource@resource://devtools/server/actors/thread.js:2197:33
addAllSources@resource://devtools/server/actors/thread.js:1518:14
watch@resource://devtools/server/actors/resources/sources.js:81:17
watchResources@resource://devtools/server/actors/resources/index.js:334:19
addOrSetSessionDataEntry@resource://devtools/server/actors/targets/session-data-processors/resources.js:19:21
addOrSetSessionDataEntry@resource://devtools/server/actors/targets/base-target-actor.js:49:23
_addOrSetSessionDataEntry@resource://devtools/server/connectors/js-window-actor/DevToolsFrameChild.sys.mjs:540:24
receiveMessage@resource://devtools/server/connectors/js-window-actor/DevToolsFrameChild.sys.mjs:442:21
Line: 711, column: 0
console.error: ({})
JavaScript error: resource://devtools/shared/DevToolsUtils.js, line 711: NS_ERROR_NOT_AVAILABLE: Failed to open input source 'javascript:void(0)'
console.warn: LoginRecipes: "Falling back to a synchronous message for: https://lms.careertiq.com."
JavaScript error: resource://gre/modules/AsyncShutdown.sys.mjs, line 570: NotFoundError: No such JSWindowActor 'DevToolsFrame'
1709658436125	Marionette	INFO	Stopped listening on port 58819
Dynamically enable window occlusion 1
osts" "localhost" "-no-remote" "-profile" "C:\\Users\\centr\\AppData\\Local\\Temp\\rust_mozprofile4KTsfn"
console.warn: services.settings: Ignoring preference override of remote settings server
console.warn: services.settings: Allow by setting MOZ_REMOTE_SETTINGS_DEVTOOLS=1 in the environment
1709657738653	Marionette	INFO	Marionette enabled
Dynamically enable window occlusion 0
1709657738733	Marionette	INFO	Listening on port 58992
WebDriver BiDi listening on ws://127.0.0.1:58985
Read port: 58992
1709657738911	RemoteAgent	WARN	TLS certificate errors will be ignored for this session
DevTools listening on ws://127.0.0.1:58985/devtools/browser/af61e103-122f-432f-ac94-1226779d0078
SourceActor threw an exception: [Exception... "Failed to open input source 'javascript:void(0)'"  nsresult: "0x80040111 (NS_ERROR_NOT_AVAILABLE)"  location: "JS frame :: resource://devtools/shared/DevToolsUtils.js :: mainThreadFetch/< :: line 711"  data: yes]
Stack: mainThreadFetch/<@resource://devtools/shared/DevToolsUtils.js:711:15
mainThreadFetch@resource://devtools/shared/DevToolsUtils.js:558:10
_fetchURLContents@resource://devtools/server/actors/utils/sources-manager.js:460:22
urlContents@resource://devtools/server/actors/utils/sources-manager.js:424:17
_resurrectSource@resource://devtools/server/actors/thread.js:2197:33
addAllSources@resource://devtools/server/actors/thread.js:1518:14
watch@resource://devtools/server/actors/resources/sources.js:81:17
watchResources@resource://devtools/server/actors/resources/index.js:334:19
addOrSetSessionDataEntry@resource://devtools/server/actors/targets/session-data-processors/resources.js:19:21
addOrSetSessionDataEntry@resource://devtools/server/actors/targets/base-target-actor.js:49:23
_addOrSetSessionDataEntry@resource://devtools/server/connectors/js-window-actor/DevToolsFrameChild.sys.mjs:540:24
receiveMessage@resource://devtools/server/connectors/js-window-actor/DevToolsFrameChild.sys.mjs:442:21
Line: 711, column: 0
console.error: ({})
JavaScript error: resource://devtools/shared/DevToolsUtils.js, line 711: NS_ERROR_NOT_AVAILABLE: Failed to open input source 'javascript:void(0)'
1709657768746	addons.xpi	ERROR	System addon update list error SyntaxError: XMLHttpRequest.open: 'http://%(server)s/dummy-system-addons.xml' is not a valid URL.
console.warn: LoginRecipes: "Falling back to a synchronous message for: https://lms.careertiq.com."
JavaScript error: resource://gre/modules/AsyncShutdown.sys.mjs, line 570: NotFoundError: No such JSWindowActor 'DevToolsFrame'
1709657907374	Marionette	INFO	Stopped listening on port 58992
Dynamically enable window occlusion 1
1709657910669	geckodriver	INFO	Listening on 127.0.0.1:59248
1709657913715	mozrunner::runner	INFO	Running command: "C:\\Program Files\\Mozilla Firefox\\firefox.exe" "--marionette" "--remote-debugging-port" "59249" "--remote-allow-hosts" "localhost" "-no-remote" "-profile" "C:\\Users\\centr\\AppData\\Local\\Temp\\rust_mozprofileo0ZCRl"
console.warn: services.settings: Ignoring preference override of remote settings server
console.warn: services.settings: Allow by setting MOZ_REMOTE_SETTINGS_DEVTOOLS=1 in the environment
1709657914018	Marionette	INFO	Marionette enabled
Dynamically enable window occlusion 0
1709657914112	Marionette	INFO	Listening on port 59257
Read port: 59257
WebDriver BiDi listening on ws://127.0.0.1:59249
1709657914170	RemoteAgent	WARN	TLS certificate errors will be ignored for this session
DevTools listening on ws://127.0.0.1:59249/devtools/browser/d50308be-7718-43bd-85c6-6f2fb729d871
console.warn: LoginRecipes: "Falling back to a synchronous message for: https://lms.careertiq.com."
console.warn: LoginRecipes: "Falling back to a synchronous message for: https://lms.careertiq.com."
1709657944059	addons.xpi	ERROR	System addon update list error SyntaxError: XMLHttpRequest.open: 'http://%(server)s/dummy-system-addons.xml' is not a valid URL.
JavaScript error: resource://gre/modules/AsyncShutdown.sys.mjs, line 570: NotFoundError: No such JSWindowActor 'DevToolsFrame'
1709658016684	Marionette	INFO	Stopped listening on port 59257
Dynamically enable window occlusion 1
1709658017560	geckodriver	INFO	Listening on 127.0.0.1:59423
1709658020602	mozrunner::runner	INFO	Running command: "C:\\Program Files\\Mozilla Firefox\\firefox.exe" "--marionette" "--remote-debugging-port" "59424" "--remote-allow-hosts" "localhost" "-no-remote" "-profile" "C:\\Users\\centr\\AppData\\Local\\Temp\\rust_mozprofileEyzmP9"
console.warn: services.settings: Ignoring preference override of remote settings server
console.warn: services.settings: Allow by setting MOZ_REMOTE_SETTINGS_DEVTOOLS=1 in the environment
1709658020864	Marionette	INFO	Marionette enabled
Dynamically enable window occlusion 0
1709658020945	Marionette	INFO	Listening on port 59431
WebDriver BiDi listening on ws://127.0.0.1:59424
Read port: 59431
1709658021104	RemoteAgent	WARN	TLS certificate errors will be ignored for this session
DevTools listening on ws://127.0.0.1:59424/devtools/browser/8ebe9d79-f205-4404-9223-70a0180f6524
console.warn: LoginRecipes: "Falling back to a synchronous message for: https://lms.careertiq.com."
console.warn: LoginRecipes: "Falling back to a synchronous message for: https://lms.careertiq.com."
1709658050915	addons.xpi	ERROR	System addon update list error SyntaxError: XMLHttpRequest.open: 'http://%(server)s/dummy-system-addons.xml' is not a valid URL.
JavaScript error: resource://gre/modules/AsyncShutdown.sys.mjs, line 570: NotFoundError: No such JSWindowActor 'DevToolsFrame'
1709658126230	Marionette	INFO	Stopped listening on port 59431
Dynamically enable window occlusion 1
1709658130229	geckodriver	INFO	Listening on 127.0.0.1:59620
1709658133275	mozrunner::runner	INFO	Running command: "C:\\Program Files\\Mozilla Firefox\\firefox.exe" "--marionette" "--remote-debugging-port" "59621" "--remote-allow-hosts" "localhost" "-no-remote" "-profile" "C:\\Users\\centr\\AppData\\Local\\Temp\\rust_mozprofileI7d9AH"
console.warn: services.settings: Ignoring preference override of remote settings server
console.warn: services.settings: Allow by setting MOZ_REMOTE_SETTINGS_DEVTOOLS=1 in the environment
1709658133535	Marionette	INFO	Marionette enabled
Dynamically enable window occlusion 0
1709658133618	Marionette	INFO	Listening on port 59641
WebDriver BiDi listening on ws://127.0.0.1:59621
Read port: 59641
1709658133757	RemoteAgent	WARN	TLS certificate errors will be ignored for this session
DevTools listening on ws://127.0.0.1:59621/devtools/browser/bfae39b3-8067-404e-a585-cb5b1850afdb
console.warn: LoginRecipes: "Falling back to a synchronous message for: https://lms.careertiq.com."
console.warn: LoginRecipes: "Falling back to a synchronous message for: https://lms.careertiq.com."
1709658163607	addons.xpi	ERROR	System addon update list error SyntaxError: XMLHttpRequest.open: 'http://%(server)s/dummy-system-addons.xml' is not a valid URL.
JavaScript error: resource://gre/modules/AsyncShutdown.sys.mjs, line 570: NotFoundError: No such JSWindowActor 'DevToolsFrame'
JavaScript error: resource://gre/modules/AsyncShutdown.sys.mjs, line 570: NotFoundError: No such JSWindowActor 'DevToolsFrame'
1709658198623	Marionette	INFO	Stopped listening on port 59641
Dynamically enable window occlusion 1
1709658232388	geckodriver	INFO	Listening on 127.0.0.1:59809
1709658235419	mozrunner::runner	INFO	Running command: "C:\\Program Files\\Mozilla Firefox\\firefox.exe" "--marionette" "--remote-debugging-port" "59810" "--remote-allow-hosts" "localhost" "-no-remote" "-profile" "C:\\Users\\centr\\AppData\\Local\\Temp\\rust_mozprofilebzum8K"
console.warn: services.settings: Ignoring preference override of remote settings server
console.warn: services.settings: Allow by setting MOZ_REMOTE_SETTINGS_DEVTOOLS=1 in the environment
1709658235720	Marionette	INFO	Marionette enabled
Dynamically enable window occlusion 0
1709658235815	Marionette	INFO	Listening on port 59827
WebDriver BiDi listening on ws://127.0.0.1:59810
Read port: 59827
1709658235959	RemoteAgent	WARN	TLS certificate errors will be ignored for this session
DevTools listening on ws://127.0.0.1:59810/devtools/browser/f28a80f9-f71d-42ce-abc7-b8b05d5b4cf4
console.warn: LoginRecipes: "Falling back to a synchronous message for: https://lms.careertiq.com."
console.warn: LoginRecipes: "Falling back to a synchronous message for: https://lms.careertiq.com."
1709658267062	addons.xpi	ERROR	System addon update list error SyntaxError: XMLHttpRequest.open: 'http://%(server)s/dummy-system-addons.xml' is not a valid URL.
1709658290192	Marionette	INFO	Stopped listening on port 59827
Dynamically enable window occlusion 1
1709658291761	geckodriver	INFO	Listening on 127.0.0.1:59937
1709658294797	mozrunner::runner	INFO	Running command: "C:\\Program Files\\Mozilla Firefox\\firefox.exe" "--marionette" "--remote-debugging-port" "59938" "--remote-allow-hosts" "localhost" "-no-remote" "-profile" "C:\\Users\\centr\\AppData\\Local\\Temp\\rust_mozprofilextHjWI"
console.warn: services.settings: Ignoring preference override of remote settings server
console.warn: services.settings: Allow by setting MOZ_REMOTE_SETTINGS_DEVTOOLS=1 in the environment
1709658295060	Marionette	INFO	Marionette enabled
Dynamically enable window occlusion 0
1709658295161	Marionette	INFO	Listening on port 59946
WebDriver BiDi listening on ws://127.0.0.1:59938
Read port: 59946
1709658295343	RemoteAgent	WARN	TLS certificate errors will be ignored for this session
DevTools listening on ws://127.0.0.1:59938/devtools/browser/4a76e6df-0abf-4f98-a0dc-387669c93168
console.warn: LoginRecipes: "Falling back to a synchronous message for: https://lms.careertiq.com."
console.warn: LoginRecipes: "Falling back to a synchronous message for: https://lms.careertiq.com."
1709658325138	addons.xpi	ERROR	System addon update list error SyntaxError: XMLHttpRequest.open: 'http://%(server)s/dummy-system-addons.xml' is not a valid URL.
JavaScript error: resource://gre/modules/AsyncShutdown.sys.mjs, line 570: NotFoundError: No such JSWindowActor 'DevToolsFrame'
1709658412424	Marionette	INFO	Stopped listening on port 59946
Dynamically enable window occlusion 1
1709658413048	geckodriver	INFO	Listening on 127.0.0.1:60144
1709658416086	mozrunner::runner	INFO	Running command: "C:\\Program Files\\Mozilla Firefox\\firefox.exe" "--marionette" "--remote-debugging-port" "60145" "--remote-allow-hosts" "localhost" "-no-remote" "-profile" "C:\\Users\\centr\\AppData\\Local\\Temp\\rust_mozprofile0nQLzF"
console.warn: services.settings: Ignoring preference override of remote settings server
console.warn: services.settings: Allow by setting MOZ_REMOTE_SETTINGS_DEVTOOLS=1 in the environment
1709658416388	Marionette	INFO	Marionette enabled
Dynamically enable window occlusion 0
1709658416484	Marionette	INFO	Listening on port 60165
WebDriver BiDi listening on ws://127.0.0.1:60145
Read port: 60165
1709658416636	RemoteAgent	WARN	TLS certificate errors will be ignored for this session
DevTools listening on ws://127.0.0.1:60145/devtools/browser/de8235c5-b4a3-4f42-9330-ce35986b4a29
console.warn: LoginRecipes: "Falling back to a synchronous message for: https://lms.careertiq.com."
console.warn: LoginRecipes: "Falling back to a synchronous message for: https://lms.careertiq.com."
JavaScript warning: https://lms.careertiq.com/pages/scripts/lib/main-557.min.js, line 1: Script terminated by timeout at:
S.fn.extend@https://lms.careertiq.com/pages/scripts/lib/main-557.min.js:1:2360
simulate@https://lms.careertiq.com/pages/scripts/lib/main-557.min.js:1:72327
i@https://lms.careertiq.com/pages/scripts/lib/main-557.min.js:1:72670

1709658433121	Marionette	INFO	Stopped listening on port 60165
Dynamically enable window occlusion 1
1709658497127	geckodriver	INFO	Listening on 127.0.0.1:60311
1709658500172	mozrunner::runner	INFO	Running command: "C:\\Program Files\\Mozilla Firefox\\firefox.exe" "--marionette" "--remote-debugging-port" "60312" "--remote-allow-hosts" "localhost" "-no-remote" "-profile" "C:\\Users\\centr\\AppData\\Local\\Temp\\rust_mozprofileRMy2Dt"
console.warn: services.settings: Ignoring preference override of remote settings server
console.warn: services.settings: Allow by setting MOZ_REMOTE_SETTINGS_DEVTOOLS=1 in the environment
1709658500461	Marionette	INFO	Marionette enabled
Dynamically enable window occlusion 0
1709658500570	Marionette	INFO	Listening on port 60320
Read port: 60320
WebDriver BiDi listening on ws://127.0.0.1:60312
1709658500653	RemoteAgent	WARN	TLS certificate errors will be ignored for this session
DevTools listening on ws://127.0.0.1:60312/devtools/browser/4ae7322a-9dd2-4366-b70c-1975c8d6102d
console.warn: LoginRecipes: "Falling back to a synchronous message for: https://lms.careertiq.com."
console.warn: LoginRecipes: "Falling back to a synchronous message for: https://lms.careertiq.com."
1709658530509	addons.xpi	ERROR	System addon update list error SyntaxError: XMLHttpRequest.open: 'http://%(server)s/dummy-system-addons.xml' is not a valid URL.
1709658658794	Marionette	INFO	Stopped listening on port 60320
Dynamically enable window occlusion 1
ng command: "C:\\Program Files\\Mozilla Firefox\\firefox.exe" "--marionette" "--remote-debugging-port" "60573" "--remote-allow-hosts" "localhost" "-no-remote" "-profile" "C:\\Users\\centr\\AppData\\Local\\Temp\\rust_mozprofile35fgyo"
console.warn: services.settings: Ignoring preference override of remote settings server
console.warn: services.settings: Allow by setting MOZ_REMOTE_SETTINGS_DEVTOOLS=1 in the environment
1709658656614	Marionette	INFO	Marionette enabled
Dynamically enable window occlusion 0
1709658656710	Marionette	INFO	Listening on port 60593
WebDriver BiDi listening on ws://127.0.0.1:60573
Read port: 60593
1709658656879	RemoteAgent	WARN	TLS certificate errors will be ignored for this session
1709658657963	Marionette	INFO	Stopped listening on port 60593
Dynamically enable window occlusion 1
1709658657970	CDP	WARN	Failed to remove undefined (Could not parse path (undefined): NS_ERROR_FILE_UNRECOGNIZED_PATH)
console.error: services.settings: 
  main/query-stripping Signature failed  TypeError: NetworkError: Network request failed
console.error: services.settings: 
  main/partitioning-exempt-urls Signature failed  TypeError: NetworkError: Network request failed
console.error: services.settings: 
  main/fingerprinting-protection-overrides Signature failed  TypeError: NetworkError: Network request failed
1709658660796	geckodriver	INFO	Listening on 127.0.0.1:60610
1709658663820	mozrunner::runner	INFO	Running command: "C:\\Program Files\\Mozilla Firefox\\firefox.exe" "--marionette" "--remote-debugging-port" "60611" "--remote-allow-hosts" "localhost" "-no-remote" "-profile" "C:\\Users\\centr\\AppData\\Local\\Temp\\rust_mozprofileWwAAoK"
console.warn: services.settings: Ignoring preference override of remote settings server
console.warn: services.settings: Allow by setting MOZ_REMOTE_SETTINGS_DEVTOOLS=1 in the environment
1709658664071	Marionette	INFO	Marionette enabled
Dynamically enable window occlusion 0
1709658664159	Marionette	INFO	Listening on port 60618
WebDriver BiDi listening on ws://127.0.0.1:60611
Read port: 60618
1709658664318	RemoteAgent	WARN	TLS certificate errors will be ignored for this session
DevTools listening on ws://127.0.0.1:60611/devtools/browser/c5254a10-fb19-41e9-85ae-c618b10e1772
console.warn: LoginRecipes: "Falling back to a synchronous message for: https://lms.careertiq.com."
console.warn: LoginRecipes: "Falling back to a synchronous message for: https://lms.careertiq.com."
1709658694189	addons.xpi	ERROR	System addon update list error SyntaxError: XMLHttpRequest.open: 'http://%(server)s/dummy-system-addons.xml' is not a valid URL.
JavaScript error: resource://gre/modules/AsyncShutdown.sys.mjs, line 570: NotFoundError: No such JSWindowActor 'DevToolsFrame'
1709658815705	Marionette	INFO	Stopped listening on port 60618
Dynamically enable window occlusion 1
osts" "localhost" "-no-remote" "-profile" "C:\\Users\\centr\\AppData\\Local\\Temp\\rust_mozprofile2YWc5y"
console.warn: services.settings: Ignoring preference override of remote settings server
console.warn: services.settings: Allow by setting MOZ_REMOTE_SETTINGS_DEVTOOLS=1 in the environment
1709658799652	Marionette	INFO	Marionette enabled
Dynamically enable window occlusion 0
1709658799742	Marionette	INFO	Listening on port 60847
WebDriver BiDi listening on ws://127.0.0.1:60840
Read port: 60847
1709658799922	RemoteAgent	WARN	TLS certificate errors will be ignored for this session
DevTools listening on ws://127.0.0.1:60840/devtools/browser/2ed68da2-0822-410a-a774-e4fd34f78b82
console.warn: LoginRecipes: "Falling back to a synchronous message for: https://lms.careertiq.com."
console.warn: LoginRecipes: "Falling back to a synchronous message for: https://lms.careertiq.com."
JavaScript warning: https://lms.careertiq.com/pages/scripts/lib/main-557.min.js, line 1: Script terminated by timeout at:
set@https://lms.careertiq.com/pages/scripts/lib/main-557.min.js:1:44137
S.fn.extend@https://lms.careertiq.com/pages/scripts/lib/main-557.min.js:1:2583
simulate@https://lms.careertiq.com/pages/scripts/lib/main-557.min.js:1:72327
i@https://lms.careertiq.com/pages/scripts/lib/main-557.min.js:1:72670

1709658813386	Marionette	INFO	Stopped listening on port 60847
Dynamically enable window occlusion 1
1709658824795	geckodriver	INFO	Listening on 127.0.0.1:60949
1709658827830	mozrunner::runner	INFO	Running command: "C:\\Program Files\\Mozilla Firefox\\firefox.exe" "--marionette" "--remote-debugging-port" "60950" "--remote-allow-hosts" "localhost" "-no-remote" "-profile" "C:\\Users\\centr\\AppData\\Local\\Temp\\rust_mozprofilepug1CP"
console.warn: services.settings: Ignoring preference override of remote settings server
console.warn: services.settings: Allow by setting MOZ_REMOTE_SETTINGS_DEVTOOLS=1 in the environment
1709658828099	Marionette	INFO	Marionette enabled
Dynamically enable window occlusion 0
1709658828186	Marionette	INFO	Listening on port 60962
WebDriver BiDi listening on ws://127.0.0.1:60950
Read port: 60962
1709658828363	RemoteAgent	WARN	TLS certificate errors will be ignored for this session
DevTools listening on ws://127.0.0.1:60950/devtools/browser/fefb88ae-0b50-4778-a592-daafaf1c4532
console.warn: LoginRecipes: "Falling back to a synchronous message for: https://lms.careertiq.com."
console.warn: LoginRecipes: "Falling back to a synchronous message for: https://lms.careertiq.com."
1709658848997	Marionette	INFO	Stopped listening on port 60962
Dynamically enable window occlusion 1
1709658880621	geckodriver	INFO	Listening on 127.0.0.1:61076
1709658883651	mozrunner::runner	INFO	Running command: "C:\\Program Files\\Mozilla Firefox\\firefox.exe" "--marionette" "--remote-debugging-port" "61077" "--remote-allow-hosts" "localhost" "-no-remote" "-profile" "C:\\Users\\centr\\AppData\\Local\\Temp\\rust_mozprofilexJJQGd"
console.warn: services.settings: Ignoring preference override of remote settings server
console.warn: services.settings: Allow by setting MOZ_REMOTE_SETTINGS_DEVTOOLS=1 in the environment
1709658883895	Marionette	INFO	Marionette enabled
Dynamically enable window occlusion 0
1709658883981	Marionette	INFO	Listening on port 61085
WebDriver BiDi listening on ws://127.0.0.1:61077
Read port: 61085
1709658884140	RemoteAgent	WARN	TLS certificate errors will be ignored for this session
DevTools listening on ws://127.0.0.1:61077/devtools/browser/cb1b49ca-b486-4d7a-a384-8e9608e2a5be
console.warn: LoginRecipes: "Falling back to a synchronous message for: https://lms.careertiq.com."
console.warn: LoginRecipes: "Falling back to a synchronous message for: https://lms.careertiq.com."
1709658901045	Marionette	INFO	Stopped listening on port 61085
Dynamically enable window occlusion 1
1709659006905	geckodriver	INFO	Listening on 127.0.0.1:61276
1709659009941	mozrunner::runner	INFO	Running command: "C:\\Program Files\\Mozilla Firefox\\firefox.exe" "--marionette" "--remote-debugging-port" "61277" "--remote-allow-hosts" "localhost" "-no-remote" "-profile" "C:\\Users\\centr\\AppData\\Local\\Temp\\rust_mozprofile2fiSDl"
console.warn: services.settings: Ignoring preference override of remote settings server
console.warn: services.settings: Allow by setting MOZ_REMOTE_SETTINGS_DEVTOOLS=1 in the environment
1709659010191	Marionette	INFO	Marionette enabled
Dynamically enable window occlusion 0
1709659010280	Marionette	INFO	Listening on port 61285
WebDriver BiDi listening on ws://127.0.0.1:61277
Read port: 61285
1709659010431	RemoteAgent	WARN	TLS certificate errors will be ignored for this session
DevTools listening on ws://127.0.0.1:61277/devtools/browser/5e3a4e73-cd96-4de4-bd90-93dfc2af2ff5
console.warn: LoginRecipes: "Falling back to a synchronous message for: https://lms.careertiq.com."
console.warn: LoginRecipes: "Falling back to a synchronous message for: https://lms.careertiq.com."
1709659022474	Marionette	INFO	Stopped listening on port 61285
Dynamically enable window occlusion 1
1709659025193	geckodriver	INFO	Listening on 127.0.0.1:61350
1709659028225	mozrunner::runner	INFO	Running command: "C:\\Program Files\\Mozilla Firefox\\firefox.exe" "--marionette" "--remote-debugging-port" "61351" "--remote-allow-hosts" "localhost" "-no-remote" "-profile" "C:\\Users\\centr\\AppData\\Local\\Temp\\rust_mozprofileDBSWFc"
console.warn: services.settings: Ignoring preference override of remote settings server
console.warn: services.settings: Allow by setting MOZ_REMOTE_SETTINGS_DEVTOOLS=1 in the environment
1709659028518	Marionette	INFO	Marionette enabled
Dynamically enable window occlusion 0
1709659028612	Marionette	INFO	Listening on port 61359
WebDriver BiDi listening on ws://127.0.0.1:61351
Read port: 61359
1709659028751	RemoteAgent	WARN	TLS certificate errors will be ignored for this session
DevTools listening on ws://127.0.0.1:61351/devtools/browser/dd83b76a-0292-4cc9-b1cf-dcd36982f58b
console.warn: LoginRecipes: "Falling back to a synchronous message for: https://lms.careertiq.com."
console.warn: LoginRecipes: "Falling back to a synchronous message for: https://lms.careertiq.com."
1709659040179	Marionette	INFO	Stopped listening on port 61359
JavaScript warning: https://lms.careertiq.com/pages/scripts/lib/login-557.min.js, line 1: Script terminated by timeout at:
t@https://lms.careertiq.com/pages/scripts/lib/login-557.min.js:1:52926
e@https://lms.careertiq.com/pages/scripts/lib/login-557.min.js:1:52771
pixelBoxStyles@https://lms.careertiq.com/pages/scripts/lib/login-557.min.js:1:53225
Be@https://lms.careertiq.com/pages/scripts/lib/login-557.min.js:1:52096
css@https://lms.careertiq.com/pages/scripts/lib/login-557.min.js:1:56436
get@https://lms.careertiq.com/pages/scripts/lib/login-557.min.js:1:56637
css@https://lms.careertiq.com/pages/scripts/lib/login-557.min.js:1:56408
S.fn[o]/<@https://lms.careertiq.com/pages/scripts/lib/login-557.min.js:1:88130
B@https://lms.careertiq.com/pages/scripts/lib/login-557.min.js:1:32779
S.fn[o]@https://lms.careertiq.com/pages/scripts/lib/login-557.min.js:1:87874
buildCmsMenu@https://lms.careertiq.com/index:431:46
@https://lms.careertiq.com/index:393:3
e@https://lms.careertiq.com/pages/scripts/lib/login-557.min.js:1:30246
Deferred/then/l/</t<@https://lms.careertiq.com/pages/scripts/lib/login-557.min.js:1:30548

Dynamically enable window occlusion 1
1709659042839	geckodriver	INFO	Listening on 127.0.0.1:61422
1709659241503	geckodriver	INFO	Listening on 127.0.0.1:61706
1709659244548	mozrunner::runner	INFO	Running command: "C:\\Program Files\\Mozilla Firefox\\firefox.exe" "--marionette" "--remote-debugging-port" "61707" "--remote-allow-hosts" "localhost" "-no-remote" "-profile" "C:\\Users\\centr\\AppData\\Local\\Temp\\rust_mozprofileYJurBh"
console.warn: services.settings: Ignoring preference override of remote settings server
console.warn: services.settings: Allow by setting MOZ_REMOTE_SETTINGS_DEVTOOLS=1 in the environment
1709659244776	Marionette	INFO	Marionette enabled
Dynamically enable window occlusion 0
1709659244864	Marionette	INFO	Listening on port 61715
WebDriver BiDi listening on ws://127.0.0.1:61707
Read port: 61715
1709659245041	RemoteAgent	WARN	TLS certificate errors will be ignored for this session
DevTools listening on ws://127.0.0.1:61707/devtools/browser/05e74369-5b75-4c4f-9fc2-14ece2534e4a
console.warn: LoginRecipes: "Falling back to a synchronous message for: https://lms.careertiq.com."
console.warn: LoginRecipes: "Falling back to a synchronous message for: https://lms.careertiq.com."
1709659256844	Marionette	INFO	Stopped listening on port 61715
JavaScript warning: https://lms.careertiq.com/pages/scripts/lib/login-557.min.js, line 1: Script terminated by timeout at:
attr@https://lms.careertiq.com/pages/scripts/lib/login-557.min.js:1:66003
B@https://lms.careertiq.com/pages/scripts/lib/login-557.min.js:1:32779
attr@https://lms.careertiq.com/pages/scripts/lib/login-557.min.js:1:65682
setState/<@https://lms.careertiq.com/pages/scripts/lib/login-557.min.js:625:136
each@https://lms.careertiq.com/pages/scripts/lib/login-557.min.js:1:3091
each@https://lms.careertiq.com/pages/scripts/lib/login-557.min.js:1:1569
setState@https://lms.careertiq.com/pages/scripts/lib/login-557.min.js:625:86
@https://lms.careertiq.com/index:190:11
e@https://lms.careertiq.com/pages/scripts/lib/login-557.min.js:1:30246
Deferred/then/l/</t<@https://lms.careertiq.com/pages/scripts/lib/login-557.min.js:1:30548

Dynamically enable window occlusion 1
1709659293261	geckodriver	INFO	Listening on 127.0.0.1:61820
1709659296320	mozrunner::runner	INFO	Running command: "C:\\Program Files\\Mozilla Firefox\\firefox.exe" "--marionette" "--remote-debugging-port" "61821" "--remote-allow-hosts" "localhost" "-no-remote" "-profile" "C:\\Users\\centr\\AppData\\Local\\Temp\\rust_mozprofileMuUPJQ"
console.warn: services.settings: Ignoring preference override of remote settings server
console.warn: services.settings: Allow by setting MOZ_REMOTE_SETTINGS_DEVTOOLS=1 in the environment
1709659296543	Marionette	INFO	Marionette enabled
Dynamically enable window occlusion 0
1709659296625	Marionette	INFO	Listening on port 61828
WebDriver BiDi listening on ws://127.0.0.1:61821
Read port: 61828
1709659296771	RemoteAgent	WARN	TLS certificate errors will be ignored for this session
DevTools listening on ws://127.0.0.1:61821/devtools/browser/3ccc5b49-b73e-40ef-acef-8667a208b7ce
console.warn: LoginRecipes: "Falling back to a synchronous message for: https://lms.careertiq.com."
console.warn: LoginRecipes: "Falling back to a synchronous message for: https://lms.careertiq.com."
1709659308464	Marionette	INFO	Stopped listening on port 61828
JavaScript warning: https://lms.careertiq.com/pages/scripts/lib/login-557.min.js, line 1: Script terminated by timeout at:
S@https://lms.careertiq.com/pages/scripts/lib/login-557.min.js:1:1132
@https://lms.careertiq.com/pages/scripts/lib/login-557.min.js:545:31
e@https://lms.careertiq.com/pages/scripts/lib/login-557.min.js:1:30246
Deferred/then/l/</t<@https://lms.careertiq.com/pages/scripts/lib/login-557.min.js:1:30548

Dynamically enable window occlusion 1
1709659311129	geckodriver	INFO	Listening on 127.0.0.1:61889
1709659314164	mozrunner::runner	INFO	Running command: "C:\\Program Files\\Mozilla Firefox\\firefox.exe" "--marionette" "--remote-debugging-port" "61890" "--remote-allow-hosts" "localhost" "-no-remote" "-profile" "C:\\Users\\centr\\AppData\\Local\\Temp\\rust_mozprofileGTqu1R"
console.warn: services.settings: Ignoring preference override of remote settings server
console.warn: services.settings: Allow by setting MOZ_REMOTE_SETTINGS_DEVTOOLS=1 in the environment
1709659314400	Marionette	INFO	Marionette enabled
Dynamically enable window occlusion 0
1709659314483	Marionette	INFO	Listening on port 61898
WebDriver BiDi listening on ws://127.0.0.1:61890
Read port: 61898
1709659314639	RemoteAgent	WARN	TLS certificate errors will be ignored for this session
DevTools listening on ws://127.0.0.1:61890/devtools/browser/e414f1ea-6075-409f-a064-94ce42b8d31f
console.warn: LoginRecipes: "Falling back to a synchronous message for: https://lms.careertiq.com."
console.warn: LoginRecipes: "Falling back to a synchronous message for: https://lms.careertiq.com."
1709659327391	Marionette	INFO	Stopped listening on port 61898
JavaScript warning: https://lms.careertiq.com/pages/scripts/lib/login-557.min.js, line 1: Script terminated by timeout at:
t@https://lms.careertiq.com/pages/scripts/lib/login-557.min.js:1:52926
e@https://lms.careertiq.com/pages/scripts/lib/login-557.min.js:1:52728
pixelBoxStyles@https://lms.careertiq.com/pages/scripts/lib/login-557.min.js:1:53225
Be@https://lms.careertiq.com/pages/scripts/lib/login-557.min.js:1:52096
css@https://lms.careertiq.com/pages/scripts/lib/login-557.min.js:1:56436
get@https://lms.careertiq.com/pages/scripts/lib/login-557.min.js:1:56637
css@https://lms.careertiq.com/pages/scripts/lib/login-557.min.js:1:56408
S.fn[o]/<@https://lms.careertiq.com/pages/scripts/lib/login-557.min.js:1:88130
B@https://lms.careertiq.com/pages/scripts/lib/login-557.min.js:1:32779
S.fn[o]@https://lms.careertiq.com/pages/scripts/lib/login-557.min.js:1:87874
buildCmsMenu@https://lms.careertiq.com/index:431:46
@https://lms.careertiq.com/index:393:3
e@https://lms.careertiq.com/pages/scripts/lib/login-557.min.js:1:30246
Deferred/then/l/</t<@https://lms.careertiq.com/pages/scripts/lib/login-557.min.js:1:30548

Dynamically enable window occlusion 1
1709659330018	geckodriver	INFO	Listening on 127.0.0.1:61964
1709659339362	geckodriver	INFO	Listening on 127.0.0.1:61988
1709702142410	geckodriver	INFO	Listening on 127.0.0.1:50385
1709702145516	mozrunner::runner	INFO	Running command: "C:\\Program Files\\Mozilla Firefox\\firefox.exe" "--marionette" "--remote-debugging-port" "50386" "--remote-allow-hosts" "localhost" "-no-remote" "-profile" "C:\\Users\\centr\\AppData\\Local\\Temp\\rust_mozprofileumCaip"
console.warn: services.settings: Ignoring preference override of remote settings server
console.warn: services.settings: Allow by setting MOZ_REMOTE_SETTINGS_DEVTOOLS=1 in the environment
1709702145953	Marionette	INFO	Marionette enabled
Dynamically enable window occlusion 0
1709702146115	Marionette	INFO	Listening on port 50396
WebDriver BiDi listening on ws://127.0.0.1:50386
Read port: 50396
1709702146328	RemoteAgent	WARN	TLS certificate errors will be ignored for this session
DevTools listening on ws://127.0.0.1:50386/devtools/browser/03678a6a-b150-4547-a3e2-13a41e3da0bc
console.warn: LoginRecipes: "Falling back to a synchronous message for: https://lms.careertiq.com."
console.warn: LoginRecipes: "Falling back to a synchronous message for: https://lms.careertiq.com."
1709702178718	addons.xpi	ERROR	System addon update list error SyntaxError: XMLHttpRequest.open: 'http://%(server)s/dummy-system-addons.xml' is not a valid URL.
1709702184145	Marionette	INFO	Stopped listening on port 50396
Dynamically enable window occlusion 1
1710249749509	geckodriver	INFO	Listening on 127.0.0.1:50539
1710249752578	mozrunner::runner	INFO	Running command: "C:\\Program Files\\Mozilla Firefox\\firefox.exe" "--marionette" "--remote-debugging-port" "50540" "--remote-allow-hosts" "localhost" "-no-remote" "-profile" "C:\\Users\\centr\\AppData\\Local\\Temp\\rust_mozprofileOTkdLM"
console.warn: services.settings: Ignoring preference override of remote settings server
console.warn: services.settings: Allow by setting MOZ_REMOTE_SETTINGS_DEVTOOLS=1 in the environment
1710249753095	Marionette	INFO	Marionette enabled
Dynamically enable window occlusion 0
1710249753235	Marionette	INFO	Listening on port 50547
WebDriver BiDi listening on ws://127.0.0.1:50540
Read port: 50547
1710249753456	RemoteAgent	WARN	TLS certificate errors will be ignored for this session
DevTools listening on ws://127.0.0.1:50540/devtools/browser/cbaed2b4-b9a4-4aec-a7fe-fe0f240e6ed1
console.warn: LoginRecipes: "Falling back to a synchronous message for: https://lms.careertiq.com."
console.warn: LoginRecipes: "Falling back to a synchronous message for: https://lms.careertiq.com."
1710249766658	Marionette	INFO	Stopped listening on port 50547
JavaScript warning: https://lms.careertiq.com/pages/scripts/lib/login-558.min.js, line 1: Script terminated by timeout at:
pixelBoxStyles@https://lms.careertiq.com/pages/scripts/lib/login-558.min.js:1:53225
Be@https://lms.careertiq.com/pages/scripts/lib/login-558.min.js:1:52096
Ze@https://lms.careertiq.com/pages/scripts/lib/login-558.min.js:1:54933
get@https://lms.careertiq.com/pages/scripts/lib/login-558.min.js:1:56715
css@https://lms.careertiq.com/pages/scripts/lib/login-558.min.js:1:56408
S.fn[o]/<@https://lms.careertiq.com/pages/scripts/lib/login-558.min.js:1:88130
B@https://lms.careertiq.com/pages/scripts/lib/login-558.min.js:1:32779
S.fn[o]@https://lms.careertiq.com/pages/scripts/lib/login-558.min.js:1:87874
buildCmsMenu/<@https://lms.careertiq.com/index:433:93
each@https://lms.careertiq.com/pages/scripts/lib/login-558.min.js:1:3091
each@https://lms.careertiq.com/pages/scripts/lib/login-558.min.js:1:1569
buildCmsMenu@https://lms.careertiq.com/index:433:46
@https://lms.careertiq.com/index:393:3
e@https://lms.careertiq.com/pages/scripts/lib/login-558.min.js:1:30246
Deferred/then/l/</t<@https://lms.careertiq.com/pages/scripts/lib/login-558.min.js:1:30548

Dynamically enable window occlusion 1
1710249769612	geckodriver	INFO	Listening on 127.0.0.1:50614
1710250118380	geckodriver	INFO	Listening on 127.0.0.1:51100
1710250121434	mozrunner::runner	INFO	Running command: "C:\\Program Files\\Mozilla Firefox\\firefox.exe" "--marionette" "--remote-debugging-port" "51101" "--remote-allow-hosts" "localhost" "-no-remote" "-profile" "C:\\Users\\centr\\AppData\\Local\\Temp\\rust_mozprofileSwbAa1"
console.warn: services.settings: Ignoring preference override of remote settings server
console.warn: services.settings: Allow by setting MOZ_REMOTE_SETTINGS_DEVTOOLS=1 in the environment
1710250121761	Marionette	INFO	Marionette enabled
Dynamically enable window occlusion 0
1710250121852	Marionette	INFO	Listening on port 51127
WebDriver BiDi listening on ws://127.0.0.1:51101
Read port: 51127
1710250122036	RemoteAgent	WARN	TLS certificate errors will be ignored for this session
DevTools listening on ws://127.0.0.1:51101/devtools/browser/fc01aee5-eb62-4657-9e5b-875aa4e82fd5
console.warn: LoginRecipes: "Falling back to a synchronous message for: https://lms.careertiq.com."
console.warn: LoginRecipes: "Falling back to a synchronous message for: https://lms.careertiq.com."
1710250133721	Marionette	INFO	Stopped listening on port 51127
JavaScript warning: https://lms.careertiq.com/pages/scripts/lib/login-558.min.js, line 1: Script terminated by timeout at:
Te@https://lms.careertiq.com/pages/scripts/lib/login-558.min.js:1:39812
dispatch@https://lms.careertiq.com/pages/scripts/lib/login-558.min.js:1:42999
add/y.handle@https://lms.careertiq.com/pages/scripts/lib/login-558.min.js:1:41256
trigger@https://lms.careertiq.com/pages/scripts/lib/login-558.min.js:1:71878
trigger/<@https://lms.careertiq.com/pages/scripts/lib/login-558.min.js:1:72473
each@https://lms.careertiq.com/pages/scripts/lib/login-558.min.js:1:3091
each@https://lms.careertiq.com/pages/scripts/lib/login-558.min.js:1:1569
trigger@https://lms.careertiq.com/pages/scripts/lib/login-558.min.js:1:72449
setState@https://lms.careertiq.com/pages/scripts/lib/login-558.min.js:625:238
@https://lms.careertiq.com/index:190:11
e@https://lms.careertiq.com/pages/scripts/lib/login-558.min.js:1:30246
Deferred/then/l/</t<@https://lms.careertiq.com/pages/scripts/lib/login-558.min.js:1:30548

Dynamically enable window occlusion 1
1710250136522	geckodriver	INFO	Listening on 127.0.0.1:51186
1710250152074	geckodriver	INFO	Listening on 127.0.0.1:51211
1710250155123	mozrunner::runner	INFO	Running command: "C:\\Program Files\\Mozilla Firefox\\firefox.exe" "--marionette" "--remote-debugging-port" "51212" "--remote-allow-hosts" "localhost" "-no-remote" "-profile" "C:\\Users\\centr\\AppData\\Local\\Temp\\rust_mozprofile6Bxkjm"
console.warn: services.settings: Ignoring preference override of remote settings server
console.warn: services.settings: Allow by setting MOZ_REMOTE_SETTINGS_DEVTOOLS=1 in the environment
1710250155370	Marionette	INFO	Marionette enabled
Dynamically enable window occlusion 0
1710250155451	Marionette	INFO	Listening on port 51219
WebDriver BiDi listening on ws://127.0.0.1:51212
Read port: 51219
1710250155597	RemoteAgent	WARN	TLS certificate errors will be ignored for this session
DevTools listening on ws://127.0.0.1:51212/devtools/browser/e9d4b60e-9f92-40b5-adde-19b6a675ee3d
console.warn: LoginRecipes: "Falling back to a synchronous message for: https://lms.careertiq.com."
console.warn: LoginRecipes: "Falling back to a synchronous message for: https://lms.careertiq.com."
1710250167578	Marionette	INFO	Stopped listening on port 51219
JavaScript warning: https://lms.careertiq.com/pages/scripts/lib/login-558.min.js, line 1: Script terminated by timeout at:
t@https://lms.careertiq.com/pages/scripts/lib/login-558.min.js:1:52926
e@https://lms.careertiq.com/pages/scripts/lib/login-558.min.js:1:52728
pixelBoxStyles@https://lms.careertiq.com/pages/scripts/lib/login-558.min.js:1:53225
Be@https://lms.careertiq.com/pages/scripts/lib/login-558.min.js:1:52096
css@https://lms.careertiq.com/pages/scripts/lib/login-558.min.js:1:56436
get@https://lms.careertiq.com/pages/scripts/lib/login-558.min.js:1:56637
css@https://lms.careertiq.com/pages/scripts/lib/login-558.min.js:1:56408
S.fn[o]/<@https://lms.careertiq.com/pages/scripts/lib/login-558.min.js:1:88130
B@https://lms.careertiq.com/pages/scripts/lib/login-558.min.js:1:32779
S.fn[o]@https://lms.careertiq.com/pages/scripts/lib/login-558.min.js:1:87874
buildCmsMenu@https://lms.careertiq.com/index:431:46
@https://lms.careertiq.com/index:393:3
e@https://lms.careertiq.com/pages/scripts/lib/login-558.min.js:1:30246
Deferred/then/l/</t<@https://lms.careertiq.com/pages/scripts/lib/login-558.min.js:1:30548

Dynamically enable window occlusion 1
1710250170248	geckodriver	INFO	Listening on 127.0.0.1:51276
1710250173280	mozrunner::runner	INFO	Running command: "C:\\Program Files\\Mozilla Firefox\\firefox.exe" "--marionette" "--remote-debugging-port" "51277" "--remote-allow-hosts" "localhost" "-no-remote" "-profile" "C:\\Users\\centr\\AppData\\Local\\Temp\\rust_mozprofile6YqauP"
console.warn: services.settings: Ignoring preference override of remote settings server
console.warn: services.settings: Allow by setting MOZ_REMOTE_SETTINGS_DEVTOOLS=1 in the environment
1710250173536	Marionette	INFO	Marionette enabled
Dynamically enable window occlusion 0
1710250173620	Marionette	INFO	Listening on port 51285
WebDriver BiDi listening on ws://127.0.0.1:51277
Read port: 51285
1710250173766	RemoteAgent	WARN	TLS certificate errors will be ignored for this session
DevTools listening on ws://127.0.0.1:51277/devtools/browser/0f412162-da0a-4ccb-8643-45bf16f898fd
console.warn: LoginRecipes: "Falling back to a synchronous message for: https://lms.careertiq.com."
console.warn: LoginRecipes: "Falling back to a synchronous message for: https://lms.careertiq.com."
1710250185570	Marionette	INFO	Stopped listening on port 51285
JavaScript warning: https://lms.careertiq.com/pages/scripts/lib/login-558.min.js, line 1: Script terminated by timeout at:
Me@https://lms.careertiq.com/pages/scripts/lib/login-558.min.js:1:51672
Be@https://lms.careertiq.com/pages/scripts/lib/login-558.min.js:1:51985
css@https://lms.careertiq.com/pages/scripts/lib/login-558.min.js:1:56436
get@https://lms.careertiq.com/pages/scripts/lib/login-558.min.js:1:56637
css@https://lms.careertiq.com/pages/scripts/lib/login-558.min.js:1:56408
S.fn[o]/<@https://lms.careertiq.com/pages/scripts/lib/login-558.min.js:1:88130
B@https://lms.careertiq.com/pages/scripts/lib/login-558.min.js:1:32779
S.fn[o]@https://lms.careertiq.com/pages/scripts/lib/login-558.min.js:1:87874
buildCmsMenu@https://lms.careertiq.com/index:431:46
@https://lms.careertiq.com/index:393:3
e@https://lms.careertiq.com/pages/scripts/lib/login-558.min.js:1:30246
Deferred/then/l/</t<@https://lms.careertiq.com/pages/scripts/lib/login-558.min.js:1:30548

Dynamically enable window occlusion 1
1710250188235	geckodriver	INFO	Listening on 127.0.0.1:51349
1710252527463	geckodriver	INFO	Listening on 127.0.0.1:54705
1710252530527	mozrunner::runner	INFO	Running command: "C:\\Program Files\\Mozilla Firefox\\firefox.exe" "--marionette" "--remote-debugging-port" "54706" "--remote-allow-hosts" "localhost" "-no-remote" "-profile" "C:\\Users\\centr\\AppData\\Local\\Temp\\rust_mozprofile8sNDgW"
console.warn: services.settings: Ignoring preference override of remote settings server
console.warn: services.settings: Allow by setting MOZ_REMOTE_SETTINGS_DEVTOOLS=1 in the environment
1710252530862	Marionette	INFO	Marionette enabled
Dynamically enable window occlusion 0
1710252530955	Marionette	INFO	Listening on port 54713
WebDriver BiDi listening on ws://127.0.0.1:54706
Read port: 54713
1710252531129	RemoteAgent	WARN	TLS certificate errors will be ignored for this session
DevTools listening on ws://127.0.0.1:54706/devtools/browser/44d34107-0e30-40bf-b813-74011cb90f01
console.warn: LoginRecipes: "Falling back to a synchronous message for: https://lms.careertiq.com."
console.warn: LoginRecipes: "Falling back to a synchronous message for: https://lms.careertiq.com."
1710252543427	Marionette	INFO	Stopped listening on port 54713
JavaScript warning: https://lms.careertiq.com/pages/scripts/lib/login-558.min.js, line 1: Script terminated by timeout at:
Ze@https://lms.careertiq.com/pages/scripts/lib/login-558.min.js:1:54988
get@https://lms.careertiq.com/pages/scripts/lib/login-558.min.js:1:56715
css@https://lms.careertiq.com/pages/scripts/lib/login-558.min.js:1:56408
S.fn[o]/<@https://lms.careertiq.com/pages/scripts/lib/login-558.min.js:1:88130
B@https://lms.careertiq.com/pages/scripts/lib/login-558.min.js:1:32779
S.fn[o]@https://lms.careertiq.com/pages/scripts/lib/login-558.min.js:1:87874
buildCmsMenu@https://lms.careertiq.com/index:431:46
@https://lms.careertiq.com/index:393:3
e@https://lms.careertiq.com/pages/scripts/lib/login-558.min.js:1:30246
Deferred/then/l/</t<@https://lms.careertiq.com/pages/scripts/lib/login-558.min.js:1:30548

Dynamically enable window occlusion 1
1710252546179	geckodriver	INFO	Listening on 127.0.0.1:54773
1710252549261	mozrunner::runner	INFO	Running command: "C:\\Program Files\\Mozilla Firefox\\firefox.exe" "--marionette" "--remote-debugging-port" "54774" "--remote-allow-hosts" "localhost" "-no-remote" "-profile" "C:\\Users\\centr\\AppData\\Local\\Temp\\rust_mozprofiletNcInz"
console.warn: services.settings: Ignoring preference override of remote settings server
console.warn: services.settings: Allow by setting MOZ_REMOTE_SETTINGS_DEVTOOLS=1 in the environment
1710252549521	Marionette	INFO	Marionette enabled
Dynamically enable window occlusion 0
1710252549603	Marionette	INFO	Listening on port 54796
WebDriver BiDi listening on ws://127.0.0.1:54774
Read port: 54796
1710252549772	RemoteAgent	WARN	TLS certificate errors will be ignored for this session
DevTools listening on ws://127.0.0.1:54774/devtools/browser/46c93210-ebcf-43c2-9cf7-6a281ead3378
console.warn: LoginRecipes: "Falling back to a synchronous message for: https://lms.careertiq.com."
console.warn: LoginRecipes: "Falling back to a synchronous message for: https://lms.careertiq.com."
1710252561382	Marionette	INFO	Stopped listening on port 54796
JavaScript warning: https://lms.careertiq.com/pages/scripts/lib/login-558.min.js, line 1: Script terminated by timeout at:
reliableTrDimensions@https://lms.careertiq.com/pages/scripts/lib/login-558.min.js:1:53863
Ze@https://lms.careertiq.com/pages/scripts/lib/login-558.min.js:1:55058
get@https://lms.careertiq.com/pages/scripts/lib/login-558.min.js:1:56715
css@https://lms.careertiq.com/pages/scripts/lib/login-558.min.js:1:56408
S.fn[o]/<@https://lms.careertiq.com/pages/scripts/lib/login-558.min.js:1:88130
B@https://lms.careertiq.com/pages/scripts/lib/login-558.min.js:1:32779
S.fn[o]@https://lms.careertiq.com/pages/scripts/lib/login-558.min.js:1:87874
buildCmsMenu@https://lms.careertiq.com/index:431:46
@https://lms.careertiq.com/index:393:3
e@https://lms.careertiq.com/pages/scripts/lib/login-558.min.js:1:30246
Deferred/then/l/</t<@https://lms.careertiq.com/pages/scripts/lib/login-558.min.js:1:30548

Dynamically enable window occlusion 1
1710252564144	geckodriver	INFO	Listening on 127.0.0.1:54853
1710252567178	mozrunner::runner	INFO	Running command: "C:\\Program Files\\Mozilla Firefox\\firefox.exe" "--marionette" "--remote-debugging-port" "54854" "--remote-allow-hosts" "localhost" "-no-remote" "-profile" "C:\\Users\\centr\\AppData\\Local\\Temp\\rust_mozprofiletBVjs4"
console.warn: services.settings: Ignoring preference override of remote settings server
console.warn: services.settings: Allow by setting MOZ_REMOTE_SETTINGS_DEVTOOLS=1 in the environment
1710252567413	Marionette	INFO	Marionette enabled
Dynamically enable window occlusion 0
1710252567494	Marionette	INFO	Listening on port 54862
WebDriver BiDi listening on ws://127.0.0.1:54854
Read port: 54862
1710252567639	RemoteAgent	WARN	TLS certificate errors will be ignored for this session
DevTools listening on ws://127.0.0.1:54854/devtools/browser/60a94fcb-6442-4ecb-9466-cce8b165bb2e
Exiting due to channel error.
1710252662798	geckodriver	INFO	Listening on 127.0.0.1:54993
1710252665838	mozrunner::runner	INFO	Running command: "C:\\Program Files\\Mozilla Firefox\\firefox.exe" "--marionette" "--remote-debugging-port" "54994" "--remote-allow-hosts" "localhost" "-no-remote" "-profile" "C:\\Users\\centr\\AppData\\Local\\Temp\\rust_mozprofileCM7XtI"
console.warn: services.settings: Ignoring preference override of remote settings server
console.warn: services.settings: Allow by setting MOZ_REMOTE_SETTINGS_DEVTOOLS=1 in the environment
1710252666074	Marionette	INFO	Marionette enabled
Dynamically enable window occlusion 0
1710252666158	Marionette	INFO	Listening on port 55001
WebDriver BiDi listening on ws://127.0.0.1:54994
Read port: 55001
1710252666306	RemoteAgent	WARN	TLS certificate errors will be ignored for this session
DevTools listening on ws://127.0.0.1:54994/devtools/browser/30f2928b-445f-420d-9b6b-3c8c657cfc78
console.warn: LoginRecipes: "Falling back to a synchronous message for: https://lms.careertiq.com."
console.warn: LoginRecipes: "Falling back to a synchronous message for: https://lms.careertiq.com."
1710252678191	Marionette	INFO	Stopped listening on port 55001
JavaScript warning: https://lms.careertiq.com/pages/scripts/lib/login-558.min.js, line 1: Script terminated by timeout at:
t@https://lms.careertiq.com/pages/scripts/lib/login-558.min.js:1:52926
e@https://lms.careertiq.com/pages/scripts/lib/login-558.min.js:1:52728
pixelBoxStyles@https://lms.careertiq.com/pages/scripts/lib/login-558.min.js:1:53225
Be@https://lms.careertiq.com/pages/scripts/lib/login-558.min.js:1:52096
css@https://lms.careertiq.com/pages/scripts/lib/login-558.min.js:1:56436
get@https://lms.careertiq.com/pages/scripts/lib/login-558.min.js:1:56637
css@https://lms.careertiq.com/pages/scripts/lib/login-558.min.js:1:56408
S.fn[o]/<@https://lms.careertiq.com/pages/scripts/lib/login-558.min.js:1:88130
B@https://lms.careertiq.com/pages/scripts/lib/login-558.min.js:1:32779
S.fn[o]@https://lms.careertiq.com/pages/scripts/lib/login-558.min.js:1:87874
buildCmsMenu@https://lms.careertiq.com/index:431:46
@https://lms.careertiq.com/index:393:3
e@https://lms.careertiq.com/pages/scripts/lib/login-558.min.js:1:30246
Deferred/then/l/</t<@https://lms.careertiq.com/pages/scripts/lib/login-558.min.js:1:30548

Dynamically enable window occlusion 1
